<?xml version="1.0" ?>
<accessible description="Root of the accessible tree" name="root_object" role="accelerator label">
	<accessible_text description="first child" name="obj0" role="text">
		<text_node text="text0 it works!." x="100" y="33" width="110" height="30" bold_text="on" underline_text="off"/>
	</accessible_text>
	<accessible_text description="second child" name="obj1" role="text">
		<text_node text="First sentence./n Second sentence." x="66" y="44" width="550" height="40" bold_text="off" underline_text="off"/>
	</accessible_text>
</accessible>
