<?xml version="1.0" ?>
<accessible description="Root of the accessible tree" name="root_object" role="accelerator label">
	<accessible_value description="first child" name="obj0" role="alert">
		<value_node min="1.1" current="2.1" max="3.1" step="0.1"/>
	</accessible_value>
</accessible>
